<?xml version="1.0" encoding="UTF-8"?>
<testng-results ignored="0" total="1" passed="1" failed="0" skipped="0">
  <reporter-output>
  </reporter-output>
  <suite started-at="2022-09-20T23:50:26 IST" name="second.test.WebServiceTest" finished-at="2022-09-20T23:50:30 IST" duration-ms="3718">
    <groups>
    </groups>
    <test started-at="2022-09-20T23:50:26 IST" name="Command line test" finished-at="2022-09-20T23:50:30 IST" duration-ms="3718">
      <class name="second.test.WebServiceTest">
        <test-method is-config="true" signature="setup(java.lang.reflect.Method, org.testng.ITestContext)[pri:0, instance:second.test.WebServiceTest@2698dc7]" started-at="2022-09-20T23:50:26 IST" name="setup" finished-at="2022-09-20T23:50:27 IST" duration-ms="703" status="PASS">
          <params>
            <param index="0">
              <value>
                <![CDATA[public void second.test.WebServiceTest.getJsonDeserialized()]]>
              </value>
            </param>
            <param index="1">
              <value>
                <![CDATA[org.testng.TestRunner@2ce86164]]>
              </value>
            </param>
          </params>
          <reporter-output>
          </reporter-output>
        </test-method> <!-- setup -->
        <test-method signature="getJsonDeserialized()[pri:0, instance:second.test.WebServiceTest@2698dc7]" started-at="2022-09-20T23:50:27 IST" name="getJsonDeserialized" finished-at="2022-09-20T23:50:30 IST" duration-ms="2953" status="PASS">
          <reporter-output>
          </reporter-output>
        </test-method> <!-- getJsonDeserialized -->
        <test-method is-config="true" signature="setTestResult(org.testng.ITestResult)[pri:0, instance:second.test.WebServiceTest@2698dc7]" started-at="2022-09-20T23:50:30 IST" name="setTestResult" finished-at="2022-09-20T23:50:30 IST" duration-ms="0" status="PASS">
          <params>
            <param index="0">
              <value>
                <![CDATA[[TestResult name=getJsonDeserialized status=SUCCESS method=WebServiceTest.getJsonDeserialized()[pri:0, instance:second.test.WebServiceTest@2698dc7] output={null}]]]>
              </value>
            </param>
          </params>
          <reporter-output>
          </reporter-output>
        </test-method> <!-- setTestResult -->
        <test-method is-config="true" signature="teardown()[pri:0, instance:second.test.WebServiceTest@2698dc7]" started-at="2022-09-20T23:50:30 IST" name="teardown" finished-at="2022-09-20T23:50:30 IST" duration-ms="15" status="PASS">
          <reporter-output>
          </reporter-output>
        </test-method> <!-- teardown -->
      </class> <!-- second.test.WebServiceTest -->
    </test> <!-- Command line test -->
  </suite> <!-- second.test.WebServiceTest -->
</testng-results>
